0 info it worked if it ends with ok
1 verbose cli [ '/usr/local/bin/node',
1 verbose cli   '/usr/local/bin/npm',
1 verbose cli   'install',
1 verbose cli   '--save',
1 verbose cli   'afeiship/ushell-module-vscode' ]
2 info using npm@3.10.10
3 info using node@v6.9.4
4 silly loadCurrentTree Starting
5 silly install loadCurrentTree
6 silly install readLocalPackageData
7 silly fetchPackageMetaData afeiship/ushell-module-vscode
8 silly fetchOtherPackageData afeiship/ushell-module-vscode
9 silly cache add args [ 'afeiship/ushell-module-vscode', null ]
10 verbose cache add spec afeiship/ushell-module-vscode
11 silly cache add parsed spec Result {
11 silly cache add   raw: 'afeiship/ushell-module-vscode',
11 silly cache add   scope: null,
11 silly cache add   escapedName: null,
11 silly cache add   name: null,
11 silly cache add   rawSpec: 'afeiship/ushell-module-vscode',
11 silly cache add   spec: 'github:afeiship/ushell-module-vscode',
11 silly cache add   type: 'hosted',
11 silly cache add   hosted:
11 silly cache add    { type: 'github',
11 silly cache add      ssh: 'git@github.com:afeiship/ushell-module-vscode.git',
11 silly cache add      sshUrl: 'git+ssh://git@github.com/afeiship/ushell-module-vscode.git',
11 silly cache add      httpsUrl: 'git+https://github.com/afeiship/ushell-module-vscode.git',
11 silly cache add      gitUrl: 'git://github.com/afeiship/ushell-module-vscode.git',
11 silly cache add      shortcut: 'github:afeiship/ushell-module-vscode',
11 silly cache add      directUrl: 'https://raw.githubusercontent.com/afeiship/ushell-module-vscode/master/package.json' } }
12 verbose addRemoteGit caching afeiship/ushell-module-vscode
13 verbose addRemoteGit afeiship/ushell-module-vscode is a repository hosted by github
14 silly tryGitProto attempting to clone git://github.com/afeiship/ushell-module-vscode.git
15 silly tryClone cloning afeiship/ushell-module-vscode via git://github.com/afeiship/ushell-module-vscode.git
16 verbose tryClone git-github-com-afeiship-ushell-module-vscode-git-bb5ec20c not in flight; caching
17 verbose correctMkdir /Users/feizheng/.npm/_git-remotes correctMkdir not in flight; initializing
18 info git [ 'clone',
18 info git   '--template=/Users/feizheng/.npm/_git-remotes/_templates',
18 info git   '--mirror',
18 info git   'git://github.com/afeiship/ushell-module-vscode.git',
18 info git   '/Users/feizheng/.npm/_git-remotes/git-github-com-afeiship-ushell-module-vscode-git-bb5ec20c' ]
19 verbose mirrorRemote afeiship/ushell-module-vscode git clone git://github.com/afeiship/ushell-module-vscode.git
20 verbose correctMkdir /Users/feizheng/.npm/_git-remotes correctMkdir not in flight; initializing
21 verbose setPermissions afeiship/ushell-module-vscode set permissions on /Users/feizheng/.npm/_git-remotes/git-github-com-afeiship-ushell-module-vscode-git-bb5ec20c
22 verbose resolveHead afeiship/ushell-module-vscode original treeish: master
23 info git [ 'rev-list', '-n1', 'master' ]
24 silly resolveHead afeiship/ushell-module-vscode resolved treeish: 423ff29f9f4f0ca29f673259321c6b6dd09781bc
25 verbose resolveHead afeiship/ushell-module-vscode resolved Git URL: git://github.com/afeiship/ushell-module-vscode.git#423ff29f9f4f0ca29f673259321c6b6dd09781bc
26 silly resolveHead Git working directory: /var/folders/vn/k6m8jw8s3mb2zbz6lq5qcmqw0000gn/T/npm-35747-6377f219/git-cache-34b38984/423ff29f9f4f0ca29f673259321c6b6dd09781bc
27 info git [ 'clone',
27 info git   '/Users/feizheng/.npm/_git-remotes/git-github-com-afeiship-ushell-module-vscode-git-bb5ec20c',
27 info git   '/var/folders/vn/k6m8jw8s3mb2zbz6lq5qcmqw0000gn/T/npm-35747-6377f219/git-cache-34b38984/423ff29f9f4f0ca29f673259321c6b6dd09781bc' ]
28 verbose cloneResolved afeiship/ushell-module-vscode clone Cloning into '/var/folders/vn/k6m8jw8s3mb2zbz6lq5qcmqw0000gn/T/npm-35747-6377f219/git-cache-34b38984/423ff29f9f4f0ca29f673259321c6b6dd09781bc'...
28 verbose cloneResolved done.
29 info git [ 'checkout', '423ff29f9f4f0ca29f673259321c6b6dd09781bc' ]
30 verbose checkoutTreeish afeiship/ushell-module-vscode checkout Note: checking out '423ff29f9f4f0ca29f673259321c6b6dd09781bc'.
30 verbose checkoutTreeish
30 verbose checkoutTreeish You are in 'detached HEAD' state. You can look around, make experimental
30 verbose checkoutTreeish changes and commit them, and you can discard any commits you make in this
30 verbose checkoutTreeish state without impacting any branches by performing another checkout.
30 verbose checkoutTreeish
30 verbose checkoutTreeish If you want to create a new branch to retain commits you create, you may
30 verbose checkoutTreeish do so (now or later) by using -b with the checkout command again. Example:
30 verbose checkoutTreeish
30 verbose checkoutTreeish   git checkout -b <new-branch-name>
30 verbose checkoutTreeish
30 verbose checkoutTreeish HEAD is now at 423ff29... add backup/restore
31 info git [ 'submodule', '-q', 'update', '--init', '--recursive' ]
32 verbose updateSubmodules afeiship/ushell-module-vscode submodule update
33 error addLocal Could not install /var/folders/vn/k6m8jw8s3mb2zbz6lq5qcmqw0000gn/T/npm-35747-6377f219/git-cache-34b38984/423ff29f9f4f0ca29f673259321c6b6dd09781bc
34 silly tryHTTPS attempting to clone git+https://github.com/afeiship/ushell-module-vscode.git
35 silly tryClone cloning afeiship/ushell-module-vscode via git+https://github.com/afeiship/ushell-module-vscode.git
36 verbose tryClone git-https-github-com-afeiship-ushell-module-vscode-git-7e9b8093 not in flight; caching
37 verbose correctMkdir /Users/feizheng/.npm/_git-remotes correctMkdir not in flight; initializing
38 info git [ 'clone',
38 info git   '--template=/Users/feizheng/.npm/_git-remotes/_templates',
38 info git   '--mirror',
38 info git   'https://github.com/afeiship/ushell-module-vscode.git',
38 info git   '/Users/feizheng/.npm/_git-remotes/git-https-github-com-afeiship-ushell-module-vscode-git-7e9b8093' ]
39 verbose mirrorRemote afeiship/ushell-module-vscode git clone https://github.com/afeiship/ushell-module-vscode.git
40 verbose correctMkdir /Users/feizheng/.npm/_git-remotes correctMkdir not in flight; initializing
41 verbose setPermissions afeiship/ushell-module-vscode set permissions on /Users/feizheng/.npm/_git-remotes/git-https-github-com-afeiship-ushell-module-vscode-git-7e9b8093
42 verbose resolveHead afeiship/ushell-module-vscode original treeish: master
43 info git [ 'rev-list', '-n1', 'master' ]
44 silly resolveHead afeiship/ushell-module-vscode resolved treeish: 423ff29f9f4f0ca29f673259321c6b6dd09781bc
45 verbose resolveHead afeiship/ushell-module-vscode resolved Git URL: git+https://github.com/afeiship/ushell-module-vscode.git#423ff29f9f4f0ca29f673259321c6b6dd09781bc
46 silly resolveHead Git working directory: /var/folders/vn/k6m8jw8s3mb2zbz6lq5qcmqw0000gn/T/npm-35747-6377f219/git-cache-21afb7ad/423ff29f9f4f0ca29f673259321c6b6dd09781bc
47 info git [ 'clone',
47 info git   '/Users/feizheng/.npm/_git-remotes/git-https-github-com-afeiship-ushell-module-vscode-git-7e9b8093',
47 info git   '/var/folders/vn/k6m8jw8s3mb2zbz6lq5qcmqw0000gn/T/npm-35747-6377f219/git-cache-21afb7ad/423ff29f9f4f0ca29f673259321c6b6dd09781bc' ]
48 verbose cloneResolved afeiship/ushell-module-vscode clone Cloning into '/var/folders/vn/k6m8jw8s3mb2zbz6lq5qcmqw0000gn/T/npm-35747-6377f219/git-cache-21afb7ad/423ff29f9f4f0ca29f673259321c6b6dd09781bc'...
48 verbose cloneResolved done.
49 info git [ 'checkout', '423ff29f9f4f0ca29f673259321c6b6dd09781bc' ]
50 verbose checkoutTreeish afeiship/ushell-module-vscode checkout Note: checking out '423ff29f9f4f0ca29f673259321c6b6dd09781bc'.
50 verbose checkoutTreeish
50 verbose checkoutTreeish You are in 'detached HEAD' state. You can look around, make experimental
50 verbose checkoutTreeish changes and commit them, and you can discard any commits you make in this
50 verbose checkoutTreeish state without impacting any branches by performing another checkout.
50 verbose checkoutTreeish
50 verbose checkoutTreeish If you want to create a new branch to retain commits you create, you may
50 verbose checkoutTreeish do so (now or later) by using -b with the checkout command again. Example:
50 verbose checkoutTreeish
50 verbose checkoutTreeish   git checkout -b <new-branch-name>
50 verbose checkoutTreeish
50 verbose checkoutTreeish HEAD is now at 423ff29... add backup/restore
51 info git [ 'submodule', '-q', 'update', '--init', '--recursive' ]
52 verbose updateSubmodules afeiship/ushell-module-vscode submodule update
53 error addLocal Could not install /var/folders/vn/k6m8jw8s3mb2zbz6lq5qcmqw0000gn/T/npm-35747-6377f219/git-cache-21afb7ad/423ff29f9f4f0ca29f673259321c6b6dd09781bc
54 silly trySSH attempting to clone git@github.com:afeiship/ushell-module-vscode.git
55 silly tryClone cloning afeiship/ushell-module-vscode via git@github.com:afeiship/ushell-module-vscode.git
56 verbose tryClone git-github-com-afeiship-ushell-module-vscode-git-135a34e1 not in flight; caching
57 verbose correctMkdir /Users/feizheng/.npm/_git-remotes correctMkdir not in flight; initializing
58 info git [ 'clone',
58 info git   '--template=/Users/feizheng/.npm/_git-remotes/_templates',
58 info git   '--mirror',
58 info git   'git@github.com:afeiship/ushell-module-vscode.git',
58 info git   '/Users/feizheng/.npm/_git-remotes/git-github-com-afeiship-ushell-module-vscode-git-135a34e1' ]
59 verbose mirrorRemote afeiship/ushell-module-vscode git clone git@github.com:afeiship/ushell-module-vscode.git
60 verbose correctMkdir /Users/feizheng/.npm/_git-remotes correctMkdir not in flight; initializing
61 verbose setPermissions afeiship/ushell-module-vscode set permissions on /Users/feizheng/.npm/_git-remotes/git-github-com-afeiship-ushell-module-vscode-git-135a34e1
62 verbose resolveHead afeiship/ushell-module-vscode original treeish: master
63 info git [ 'rev-list', '-n1', 'master' ]
64 silly resolveHead afeiship/ushell-module-vscode resolved treeish: 423ff29f9f4f0ca29f673259321c6b6dd09781bc
65 verbose resolveHead afeiship/ushell-module-vscode resolved Git URL: git+ssh://git@github.com/afeiship/ushell-module-vscode.git#423ff29f9f4f0ca29f673259321c6b6dd09781bc
66 silly resolveHead Git working directory: /var/folders/vn/k6m8jw8s3mb2zbz6lq5qcmqw0000gn/T/npm-35747-6377f219/git-cache-87e40cff/423ff29f9f4f0ca29f673259321c6b6dd09781bc
67 info git [ 'clone',
67 info git   '/Users/feizheng/.npm/_git-remotes/git-github-com-afeiship-ushell-module-vscode-git-135a34e1',
67 info git   '/var/folders/vn/k6m8jw8s3mb2zbz6lq5qcmqw0000gn/T/npm-35747-6377f219/git-cache-87e40cff/423ff29f9f4f0ca29f673259321c6b6dd09781bc' ]
68 verbose cloneResolved afeiship/ushell-module-vscode clone Cloning into '/var/folders/vn/k6m8jw8s3mb2zbz6lq5qcmqw0000gn/T/npm-35747-6377f219/git-cache-87e40cff/423ff29f9f4f0ca29f673259321c6b6dd09781bc'...
68 verbose cloneResolved done.
69 info git [ 'checkout', '423ff29f9f4f0ca29f673259321c6b6dd09781bc' ]
70 verbose checkoutTreeish afeiship/ushell-module-vscode checkout Note: checking out '423ff29f9f4f0ca29f673259321c6b6dd09781bc'.
70 verbose checkoutTreeish
70 verbose checkoutTreeish You are in 'detached HEAD' state. You can look around, make experimental
70 verbose checkoutTreeish changes and commit them, and you can discard any commits you make in this
70 verbose checkoutTreeish state without impacting any branches by performing another checkout.
70 verbose checkoutTreeish
70 verbose checkoutTreeish If you want to create a new branch to retain commits you create, you may
70 verbose checkoutTreeish do so (now or later) by using -b with the checkout command again. Example:
70 verbose checkoutTreeish
70 verbose checkoutTreeish   git checkout -b <new-branch-name>
70 verbose checkoutTreeish
70 verbose checkoutTreeish HEAD is now at 423ff29... add backup/restore
71 info git [ 'submodule', '-q', 'update', '--init', '--recursive' ]
72 verbose updateSubmodules afeiship/ushell-module-vscode submodule update
73 error addLocal Could not install /var/folders/vn/k6m8jw8s3mb2zbz6lq5qcmqw0000gn/T/npm-35747-6377f219/git-cache-87e40cff/423ff29f9f4f0ca29f673259321c6b6dd09781bc
74 silly fetchPackageMetaData Error: EISDIR: illegal operation on a directory, read
74 silly fetchPackageMetaData     at Error (native)
74 silly fetchPackageMetaData  error for afeiship/ushell-module-vscode { Error: EISDIR: illegal operation on a directory, read
74 silly fetchPackageMetaData     at Error (native) errno: -21, code: 'EISDIR', syscall: 'read' }
75 silly rollbackFailedOptional Starting
76 silly rollbackFailedOptional Finishing
77 silly runTopLevelLifecycles Finishing
78 silly install printInstalled
79 verbose stack Error: EISDIR: illegal operation on a directory, read
79 verbose stack     at Error (native)
80 verbose cwd /Users/feizheng/github/fei-mac
81 error Darwin 15.6.0
82 error argv "/usr/local/bin/node" "/usr/local/bin/npm" "install" "--save" "afeiship/ushell-module-vscode"
83 error node v6.9.4
84 error npm  v3.10.10
85 error code EISDIR
86 error errno -21
87 error syscall read
88 error eisdir EISDIR: illegal operation on a directory, read
89 error eisdir This is most likely not a problem with npm itself
89 error eisdir and is related to npm not being able to find a package.json in
89 error eisdir a package you are trying to install.
90 verbose exit [ -21, true ]
